#-----------------------------------------------------------
# Vivado v2019.2 (64-bit)
# SW Build 2708876 on Wed Nov  6 21:40:23 MST 2019
# IP Build 2700528 on Thu Nov  7 00:09:20 MST 2019
# Start of session at: Tue Nov 15 15:28:05 2022
# Process ID: 24436
# Current directory: C:/Users/husain/Documents/GitHub/CIFAR10_CNN/week_02
# Command line: vivado.exe -gui_launcher_event rodinguilauncherevent18628 C:\Users\husain\Documents\GitHub\CIFAR10_CNN\week_02\week_02.xpr
# Log file: C:/Users/husain/Documents/GitHub/CIFAR10_CNN/week_02/vivado.log
# Journal file: C:/Users/husain/Documents/GitHub/CIFAR10_CNN/week_02\vivado.jou
#-----------------------------------------------------------
start_guioopen_project C:/Users/husain/Documents/GitHub/CIFAR10_CNN/week_02/week_02.xprSScanning sources...
Finished scanning sources
INFO: [IP_Flow 19-234] Refreshing IP repositories
INFO: [IP_Flow 19-1704] No user IP repositories specified
INFO: [IP_Flow 19-2313] Loaded Vivado IP repository 'C:/Xilinx/Vivado/2019.2/data/ip'.
open_project: Time (s): cpu = 00:00:34 ; elapsed = 00:00:22 . Memory (MB): peak = 1159.367 ; gain = 497.793
update_compile_order -fileset sources_1export_ip_user_files -of_objects  [get_files C:/Users/husain/Documents/GitHub/CIFAR10_CNN/week_02/week_02.srcs/sources_1/imports/hdl/bram_wrapper.v] -no_script -reset -force -quiet
remove_files  C:/Users/husain/Documents/GitHub/CIFAR10_CNN/week_02/week_02.srcs/sources_1/imports/hdl/bram_wrapper.v
file delete -force C:/Users/husain/Documents/GitHub/CIFAR10_CNN/week_02/week_02.srcs/sources_1/imports/hdl/bram_wrapper.v
update_compile_order -fileset sourcexit
INFO: [Common 17-206] Exiting Vivado at Tue Nov 15 19:24:39 2022...
ects  [get_files C:/Users/husain/Documents/GitHub/CIFAR10_CNN/week_02/week_02.srcs/sources_1/bd/bram/bram.bd] -no_script -reset -force -quiet
remove_files  C:/Users/husain/Documents/GitHub/CIFAR10_CNN/week_02/week_02.srcs/sources_1/bd/bram/bram.bd
file delete -force C:/Users/husain/Documents/GitHub/CIFAR10_CNN/week_02/week_02.srcs/sources_1/bd/bram
export_ip_user_files -of_objects  [get_files C:/Users/husain/Documents/GitHub/CIFAR10_CNN/week_02/week_02.srcs/sources_1/new/test.v] -no_script -reset -force -quiet
remove_files  C:/Users/husain/Documents/GitHub/CIFAR10_CNN/week_02/week_02.srcs/sources_1/new/test.v
file delete -force C:/Users/husain/Documents/GitHub/CIFAR10_CNN/week_02/week_02.srcs/sources_1/new/test.v
export_ip_user_files -of_objects  [get_files C:/Users/husain/Documents/GitHub/CIFAR10_CNN/test.coe] -no_script -reset -force -quiet
remove_files  C:/Users/husain/Documents/GitHub/CIFAR10_CNN/test.coe
WARNING: [Board 49-26] cannot add Board Part xilinx.com:zcu216_es:part0:1.0 available at C:/Users/husain/AppData/Roaming/Xilinx/Vivado/2019.2/xhub/board_store/XilinxBoardStore/Vivado/2019.2/boards/Xilinx/zcu216/1.0/1.0/board.xml as part xczu49dr-ffvf1760-2-e-es1 specified in board_part file is either invalid or not available
WARNING: [Board 49-26] cannot add Board Part xilinx.com:zcu216_es:part0:1.0 available at C:/Users/husain/AppData/Roaming/Xilinx/Vivado/2019.2/xhub/board_store/XilinxBoardStore/Vivado/2019.2/boards/Xilinx/zcu216/1.0/1.0/board.xml as part xczu49dr-ffvf1760-2-e-es1 specified in board_part file is either invalid or not available
WARNING: [Board 49-26] cannot add Board Part xilinx.com:zcu216_es:part0:1.0 available at C:/Users/husain/AppData/Roaming/Xilinx/Vivado/2019.2/xhub/board_store/XilinxBoardStore/Vivado/2019.2/boards/Xilinx/zcu216/1.0/1.0/board.xml as part xczu49dr-ffvf1760-2-e-es1 specified in board_part file is either invalid or not available
WARNING: [Board 49-26] cannot add Board Part xilinx.com:zcu216_es:part0:1.0 available at C:/Users/husain/AppData/Roaming/Xilinx/Vivado/2019.2/xhub/board_store/XilinxBoardStore/Vivado/2019.2/boards/Xilinx/zcu216/1.0/1.0/board.xml as part xczu49dr-ffvf1760-2-e-es1 specified in board_part file is either invalid or not available
WARNING: [Board 49-26] cannot add Board Part xilinx.com:zcu216_es:part0:1.0 available at C:/Users/husain/AppData/Roaming/Xilinx/Vivado/2019.2/xhub/board_store/XilinxBoardStore/Vivado/2019.2/boards/Xilinx/zcu216/1.0/1.0/board.xml as part xczu49dr-ffvf1760-2-e-es1 specified in board_part file is either invalid or not available
WARNING: [Board 49-26] cannot add Board Part xilinx.com:zcu216_es:part0:1.0 available at C:/Users/husain/AppData/Roaming/Xilinx/Vivado/2019.2/xhub/board_store/XilinxBoardStore/Vivado/2019.2/boards/Xilinx/zcu216/1.0/1.0/board.xml as part xczu49dr-ffvf1760-2-e-es1 specified in board_part file is either invalid or not available
WARNING: [Board 49-26] cannot add Board Part xilinx.com:zcu216_es:part0:1.0 available at C:/Users/husain/AppData/Roaming/Xilinx/Vivado/2019.2/xhub/board_store/XilinxBoardStore/Vivado/2019.2/boards/Xilinx/zcu216/1.0/1.0/board.xml as part xczu49dr-ffvf1760-2-e-es1 specified in board_part file is either invalid or not available
WARNING: [Board 49-26] cannot add Board Part xilinx.com:zcu216_es:part0:1.0 available at C:/Users/husain/AppData/Roaming/Xilinx/Vivado/2019.2/xhub/board_store/XilinxBoardStore/Vivado/2019.2/boards/Xilinx/zcu216/1.0/1.0/board.xml as part xczu49dr-ffvf1760-2-e-es1 specified in board_part file is either invalid or not available
WARNING: [Board 49-26] cannot add Board Part xilinx.com:zcu216_es:part0:1.0 available at C:/Users/husain/AppData/Roaming/Xilinx/Vivado/2019.2/xhub/board_store/XilinxBoardStore/Vivado/2019.2/boards/Xilinx/zcu216/1.0/1.0/board.xml as part xczu49dr-ffvf1760-2-e-es1 specified in board_part file is either invalid or not available
WARNING: [Board 49-26] cannot add Board Part xilinx.com:zcu216_es:part0:1.0 available at C:/Users/husain/AppData/Roaming/Xilinx/Vivado/2019.2/xhub/board_store/XilinxBoardStore/Vivado/2019.2/boards/Xilinx/zcu216/1.0/1.0/board.xml as part xczu49dr-ffvf1760-2-e-es1 specified in board_part file is either invalid or not available
WARNING: [Board 49-26] cannot add Board Part xilinx.com:zcu216_es:part0:1.0 available at C:/Users/husain/AppData/Roaming/Xilinx/Vivado/2019.2/xhub/board_store/XilinxBoardStore/Vivado/2019.2/boards/Xilinx/zcu216/1.0/1.0/board.xml as part xczu49dr-ffvf1760-2-e-es1 specified in board_part file is either invalid or not available
WARNING: [Board 49-26] cannot add Board Part xilinx.com:zcu216_es:part0:1.0 available at C:/Users/husain/AppData/Roaming/Xilinx/Vivado/2019.2/xhub/board_store/XilinxBoardStore/Vivado/2019.2/boards/Xilinx/zcu216/1.0/1.0/board.xml as part xczu49dr-ffvf1760-2-e-es1 specified in board_part file is either invalid or not available
WARNING: [Board 49-26] cannot add Board Part xilinx.com:zcu216_es:part0:1.0 available at C:/Users/husain/AppData/Roaming/Xilinx/Vivado/2019.2/xhub/board_store/XilinxBoardStore/Vivado/2019.2/boards/Xilinx/zcu216/1.0/1.0/board.xml as part xczu49dr-ffvf1760-2-e-es1 specified in board_part file is either invalid or not available
WARNING: [Board 49-26] cannot add Board Part xilinx.com:zcu216_es:part0:1.0 available at C:/Users/husain/AppData/Roaming/Xilinx/Vivado/2019.2/xhub/board_store/XilinxBoardStore/Vivado/2019.2/boards/Xilinx/zcu216/1.0/1.0/board.xml as part xczu49dr-ffvf1760-2-e-es1 specified in board_part file is either invalid or not available
WARNING: [Board 49-26] cannot add Board Part xilinx.com:zcu216_es:part0:1.0 available at C:/Users/husain/AppData/Roaming/Xilinx/Vivado/2019.2/xhub/board_store/XilinxBoardStore/Vivado/2019.2/boards/Xilinx/zcu216/1.0/1.0/board.xml as part xczu49dr-ffvf1760-2-e-es1 specified in board_part file is either invalid or not available
WARNING: [Board 49-26] cannot add Board Part xilinx.com:zcu216_es:part0:1.0 available at C:/Users/husain/AppData/Roaming/Xilinx/Vivado/2019.2/xhub/board_store/XilinxBoardStore/Vivado/2019.2/boards/Xilinx/zcu216/1.0/1.0/board.xml as part xczu49dr-ffvf1760-2-e-es1 specified in board_part file is either invalid or not available
close_project
create_project week_03 C:/Users/husain/Documents/GitHub/CIFAR10_CNN/week_03 -part xc7a35tcpg236-1
INFO: [IP_Flow 19-234] Refreshing IP repositories
INFO: [IP_Flow 19-1704] No user IP repositories specified
INFO: [IP_Flow 19-2313] Loaded Vivado IP repository 'C:/Xilinx/Vivado/2019.2/data/ip'.
create_project: Time (s): cpu = 00:00:18 ; elapsed = 00:00:16 . Memory (MB): peak = 1331.789 ; gain = 0.000
set_property board_part digilentinc.com:basys3:part0:1.2 [current_project]
file mkdir C:/Users/husain/Documents/GitHub/CIFAR10_CNN/week_03/week_03.srcs/sources_1/new
close [ open C:/Users/husain/Documents/GitHub/CIFAR10_CNN/week_03/week_03.srcs/sources_1/new/conv.v w ]
add_files C:/Users/husain/Documents/GitHub/CIFAR10_CNN/week_03/week_03.srcs/sources_1/new/conv.v
update_compile_order -fileset sources_1
WARNING: [Board 49-26] cannot add Board Part xilinx.com:zcu216_es:part0:1.0 available at C:/Users/husain/AppData/Roaming/Xilinx/Vivado/2019.2/xhub/board_store/XilinxBoardStore/Vivado/2019.2/boards/Xilinx/zcu216/1.0/1.0/board.xml as part xczu49dr-ffvf1760-2-e-es1 specified in board_part file is either invalid or not available
WARNING: [Board 49-26] cannot add Board Part xilinx.com:zcu216_es:part0:1.0 available at C:/Users/husain/AppData/Roaming/Xilinx/Vivado/2019.2/xhub/board_store/XilinxBoardStore/Vivado/2019.2/boards/Xilinx/zcu216/1.0/1.0/board.xml as part xczu49dr-ffvf1760-2-e-es1 specified in board_part file is either invalid or not available
WARNING: [Board 49-26] cannot add Board Part xilinx.com:zcu216_es:part0:1.0 available at C:/Users/husain/AppData/Roaming/Xilinx/Vivado/2019.2/xhub/board_store/XilinxBoardStore/Vivado/2019.2/boards/Xilinx/zcu216/1.0/1.0/board.xml as part xczu49dr-ffvf1760-2-e-es1 specified in board_part file is either invalid or not available
WARNING: [Board 49-26] cannot add Board Part xilinx.com:zcu216_es:part0:1.0 available at C:/Users/husain/AppData/Roaming/Xilinx/Vivado/2019.2/xhub/board_store/XilinxBoardStore/Vivado/2019.2/boards/Xilinx/zcu216/1.0/1.0/board.xml as part xczu49dr-ffvf1760-2-e-es1 specified in board_part file is either invalid or not available
WARNING: [Board 49-26] cannot add Board Part xilinx.com:zcu216_es:part0:1.0 available at C:/Users/husain/AppData/Roaming/Xilinx/Vivado/2019.2/xhub/board_store/XilinxBoardStore/Vivado/2019.2/boards/Xilinx/zcu216/1.0/1.0/board.xml as part xczu49dr-ffvf1760-2-e-es1 specified in board_part file is either invalid or not available
WARNING: [Board 49-26] cannot add Board Part xilinx.com:zcu216_es:part0:1.0 available at C:/Users/husain/AppData/Roaming/Xilinx/Vivado/2019.2/xhub/board_store/XilinxBoardStore/Vivado/2019.2/boards/Xilinx/zcu216/1.0/1.0/board.xml as part xczu49dr-ffvf1760-2-e-es1 specified in board_part file is either invalid or not available
WARNING: [Board 49-26] cannot add Board Part xilinx.com:zcu216_es:part0:1.0 available at C:/Users/husain/AppData/Roaming/Xilinx/Vivado/2019.2/xhub/board_store/XilinxBoardStore/Vivado/2019.2/boards/Xilinx/zcu216/1.0/1.0/board.xml as part xczu49dr-ffvf1760-2-e-es1 specified in board_part file is either invalid or not available
WARNING: [Board 49-26] cannot add Board Part xilinx.com:zcu216_es:part0:1.0 available at C:/Users/husain/AppData/Roaming/Xilinx/Vivado/2019.2/xhub/board_store/XilinxBoardStore/Vivado/2019.2/boards/Xilinx/zcu216/1.0/1.0/board.xml as part xczu49dr-ffvf1760-2-e-es1 specified in board_part file is either invalid or not available
WARNING: [Board 49-26] cannot add Board Part xilinx.com:zcu216_es:part0:1.0 available at C:/Users/husain/AppData/Roaming/Xilinx/Vivado/2019.2/xhub/board_store/XilinxBoardStore/Vivado/2019.2/boards/Xilinx/zcu216/1.0/1.0/board.xml as part xczu49dr-ffvf1760-2-e-es1 specified in board_part file is either invalid or not available
WARNING: [Board 49-26] cannot add Board Part xilinx.com:zcu216_es:part0:1.0 available at C:/Users/husain/AppData/Roaming/Xilinx/Vivado/2019.2/xhub/board_store/XilinxBoardStore/Vivado/2019.2/boards/Xilinx/zcu216/1.0/1.0/board.xml as part xczu49dr-ffvf1760-2-e-es1 specified in board_part file is either invalid or not available
WARNING: [Board 49-26] cannot add Board Part xilinx.com:zcu216_es:part0:1.0 available at C:/Users/husain/AppData/Roaming/Xilinx/Vivado/2019.2/xhub/board_store/XilinxBoardStore/Vivado/2019.2/boards/Xilinx/zcu216/1.0/1.0/board.xml as part xczu49dr-ffvf1760-2-e-es1 specified in board_part file is either invalid or not available
WARNING: [Board 49-26] cannot add Board Part xilinx.com:zcu216_es:part0:1.0 available at C:/Users/husain/AppData/Roaming/Xilinx/Vivado/2019.2/xhub/board_store/XilinxBoardStore/Vivado/2019.2/boards/Xilinx/zcu216/1.0/1.0/board.xml as part xczu49dr-ffvf1760-2-e-es1 specified in board_part file is either invalid or not available
WARNING: [Board 49-26] cannot add Board Part xilinx.com:zcu216_es:part0:1.0 available at C:/Users/husain/AppData/Roaming/Xilinx/Vivado/2019.2/xhub/board_store/XilinxBoardStore/Vivado/2019.2/boards/Xilinx/zcu216/1.0/1.0/board.xml as part xczu49dr-ffvf1760-2-e-es1 specified in board_part file is either invalid or not available
WARNING: [Board 49-26] cannot add Board Part xilinx.com:zcu216_es:part0:1.0 available at C:/Users/husain/AppData/Roaming/Xilinx/Vivado/2019.2/xhub/board_store/XilinxBoardStore/Vivado/2019.2/boards/Xilinx/zcu216/1.0/1.0/board.xml as part xczu49dr-ffvf1760-2-e-es1 specified in board_part file is either invalid or not available
WARNING: [Board 49-26] cannot add Board Part xilinx.com:zcu216_es:part0:1.0 available at C:/Users/husain/AppData/Roaming/Xilinx/Vivado/2019.2/xhub/board_store/XilinxBoardStore/Vivado/2019.2/boards/Xilinx/zcu216/1.0/1.0/board.xml as part xczu49dr-ffvf1760-2-e-es1 specified in board_part file is either invalid or not available
WARNING: [Board 49-26] cannot add Board Part xilinx.com:zcu216_es:part0:1.0 available at C:/Users/husain/AppData/Roaming/Xilinx/Vivado/2019.2/xhub/board_store/XilinxBoardStore/Vivado/2019.2/boards/Xilinx/zcu216/1.0/1.0/board.xml as part xczu49dr-ffvf1760-2-e-es1 specified in board_part file is either invalid or not available
close_project
create_project het C:/Users/husain/Documents/GitHub/CIFAR10_CNN/het -part xc7a35tcpg236-1
INFO: [IP_Flow 19-234] Refreshing IP repositories
INFO: [IP_Flow 19-1704] No user IP repositories specified
INFO: [IP_Flow 19-2313] Loaded Vivado IP repository 'C:/Xilinx/Vivado/2019.2/data/ip'.
create_project: Time (s): cpu = 00:00:14 ; elapsed = 00:00:17 . Memory (MB): peak = 1370.727 ; gain = 2.926
set_property board_part digilentinc.com:basys3:part0:1.2 [current_project]
exit
INFO: [Common 17-206] Exiting Vivado at Wed Nov 16 02:13:14 2022...
