#-----------------------------------------------------------
# Vivado v2019.2 (64-bit)
# SW Build 2708876 on Wed Nov  6 21:40:23 MST 2019
# IP Build 2700528 on Thu Nov  7 00:09:20 MST 2019
# Start of session at: Fri Feb 10 09:42:54 2023
# Process ID: 7400
# Current directory: C:/Users/husain/Downloads/Proj3/GITHUB/week01
# Command line: vivado.exe -gui_launcher_event rodinguilauncherevent9996 C:\Users\husain\Downloads\Proj3\GITHUB\week01\week01.xpr
# Log file: C:/Users/husain/Downloads/Proj3/GITHUB/week01/vivado.log
# Journal file: C:/Users/husain/Downloads/Proj3/GITHUB/week01\vivado.jou
#-----------------------------------------------------------
start_gui
open_project C:/Users/husain/Downloads/Proj3/GITHUB/week01/week01.xpr
INFO: [Project 1-313] Project file moved from 'C:/Users/husain/Documents/GitHub/CIFAR10_CNN/week01' since last save.
Scanning sources...
Finished scanning sources
INFO: [IP_Flow 19-234] Refreshing IP repositories
INFO: [IP_Flow 19-1704] No user IP repositories specified
INFO: [IP_Flow 19-2313] Loaded Vivado IP repository 'C:/Xilinx/Vivado/2019.2/data/ip'.
open_project: Time (s): cpu = 00:00:31 ; elapsed = 00:00:29 . Memory (MB): peak = 1154.680 ; gain = 481.859
update_compile_order -fileset sources_1
exit
INFO: [Common 17-206] Exiting Vivado at Fri Feb 10 09:44:38 2023...
