#-----------------------------------------------------------
# Vivado v2019.2 (64-bit)
# SW Build 2708876 on Wed Nov  6 21:40:23 MST 2019
# IP Build 2700528 on Thu Nov  7 00:09:20 MST 2019
# Start of session at: Tue Nov 15 15:14:22 2022
# Process ID: 25616
# Current directory: C:/Users/husain/Documents/GitHub/CIFAR10_CNN/week01
# Command line: vivado.exe -gui_launcher_event rodinguilauncherevent4120 C:\Users\husain\Documents\GitHub\CIFAR10_CNN\week01\week01.xpr
# Log file: C:/Users/husain/Documents/GitHub/CIFAR10_CNN/week01/vivado.log
# Journal file: C:/Users/husain/Documents/GitHub/CIFAR10_CNN/week01\vivado.jou
#-----------------------------------------------------------
start_gui
open_project C:/Users/husain/Documents/GitHub/CIFAR10_CNN/week01/week01.xpr
Scanning sources...
Finished scanning sources
INFO: [IP_Flow 19-234] Refreshing IP repositories
INFO: [IP_Flow 19-1704] No user IP repositories specified
INFO: [IP_Flow 19-2313] Loaded Vivado IP repository 'C:/Xilinx/Vivado/2019.2/data/ip'.
open_project: Time (s): cpu = 00:00:32 ; elapsed = 00:00:23 . Memory (MB): peak = 1157.109 ; gain = 484.164
update_compile_order -fileset sources_1
exit
INFO: [Common 17-206] Exiting Vivado at Tue Nov 15 15:27:33 2022...
