#-----------------------------------------------------------
# Vivado v2019.2 (64-bit)
# SW Build 2708876 on Wed Nov  6 21:40:23 MST 2019
# IP Build 2700528 on Thu Nov  7 00:09:20 MST 2019
# Start of session at: Thu Nov  3 09:50:47 2022
# Process ID: 8276
# Current directory: C:/Users/husain/Documents/GitHub/CIFAR10_CNN/week01
# Command line: vivado.exe -gui_launcher_event rodinguilauncherevent10136 C:\Users\husain\Documents\GitHub\CIFAR10_CNN\week01\week01.xpr
# Log file: C:/Users/husain/Documents/GitHub/CIFAR10_CNN/week01/vivado.log
# Journal file: C:/Users/husain/Documents/GitHub/CIFAR10_CNN/week01\vivado.jou
#-----------------------------------------------------------
start_gui
open_project C:/Users/husain/Documents/GitHub/CIFAR10_CNN/week01/week01.xpr
Scanning sources...
Finished scanning sources
INFO: [IP_Flow 19-234] Refreshing IP repositories
INFO: [IP_Flow 19-1704] No user IP repositories specified
INFO: [IP_Flow 19-2313] Loaded Vivado IP repository 'C:/Xilinx/Vivado/2019.2/data/ip'.
open_project: Time (s): cpu = 00:00:42 ; elapsed = 00:00:35 . Memory (MB): peak = 1162.863 ; gain = 486.141
update_compile_order -fileset sources_1
export_ip_user_files -of_objects  [get_files C:/Users/husain/Documents/GitHub/CIFAR10_CNN/week01/week01.srcs/sources_1/new/matrix_mult.v] -no_script -reset -force -quiet
remove_files  C:/Users/husain/Documents/GitHub/CIFAR10_CNN/week01/week01.srcs/sources_1/new/matrix_mult.v
file delete -force C:/Users/husain/Documents/GitHub/CIFAR10_CNN/week01/week01.srcs/sources_1/new/matrix_mult.v
update_compile_order -fileset sources_1
export_ip_user_files -of_objects  [get_files C:/Users/husain/Documents/GitHub/CIFAR10_CNN/week01/week01.srcs/sources_1/new/multiply.v] -no_script -reset -force -quiet
remove_files  C:/Users/husain/Documents/GitHub/CIFAR10_CNN/week01/week01.srcs/sources_1/new/multiply.v
file delete -force C:/Users/husain/Documents/GitHub/CIFAR10_CNN/week01/week01.srcs/sources_1/new/multiply.v
close [ open C:/Users/husain/Documents/GitHub/CIFAR10_CNN/week01/week01.srcs/sources_1/new/matrix_mult.v w ]
add_files C:/Users/husain/Documents/GitHub/CIFAR10_CNN/week01/week01.srcs/sources_1/new/matrix_mult.v
WARNING: [filemgmt 56-199] Attempt to get parsing info during refresh. "On-the-fly" syntax checking information may be incorrect. [C:\Users\husain\Documents\GitHub\CIFAR10_CNN\week01\week01.srcs\sources_1\new\matrix_mult.v:]
ERROR: [Common 17-180] Spawn failed: No error
WARNING: [filemgmt 56-199] Attempt to get parsing info during refresh. "On-the-fly" syntax checking information may be incorrect. [C:\Users\husain\Documents\GitHub\CIFAR10_CNN\week01\week01.srcs\sources_1\new\matrix_mult.v:]
ERROR: [Common 17-180] Spawn failed: No error
WARNING: [filemgmt 56-199] Attempt to get parsing info during refresh. "On-the-fly" syntax checking information may be incorrect. [C:\Users\husain\Documents\GitHub\CIFAR10_CNN\week01\week01.srcs\sources_1\new\matrix_mult.v:]
ERROR: [Common 17-180] Spawn failed: No error
launch_simulation
Command: launch_simulation 
INFO: [Vivado 12-5682] Launching behavioral simulation in 'C:/Users/husain/Documents/GitHub/CIFAR10_CNN/week01/week01.sim/sim_1/behav/xsim'
INFO: [SIM-utils-51] Simulation object is 'sim_1'
INFO: [SIM-utils-54] Inspecting design source files for 'matrix_mult_TB' in fileset 'sim_1'...
INFO: [USF-XSim-97] Finding global include files...
INFO: [USF-XSim-98] Fetching design files from 'sim_1'...
INFO: [USF-XSim-2] XSim::Compile design
INFO: [USF-XSim-61] Executing 'COMPILE and ANALYZE' step in 'C:/Users/husain/Documents/GitHub/CIFAR10_CNN/week01/week01.sim/sim_1/behav/xsim'
"xvlog --incr --relax -prj matrix_mult_TB_vlog.prj"
INFO: [VRFC 10-2263] Analyzing Verilog file "C:/Users/husain/Documents/GitHub/CIFAR10_CNN/week01/week01.srcs/sources_1/new/matrix_mult.v" into library xil_defaultlib
INFO: [VRFC 10-311] analyzing module matrix_mult
INFO: [VRFC 10-2263] Analyzing Verilog file "C:/Users/husain/Documents/GitHub/CIFAR10_CNN/week01/week01.srcs/sim_1/new/matrix_mult_TB.v" into library xil_defaultlib
INFO: [VRFC 10-311] analyzing module matrix_mult_TB
run_program: Time (s): cpu = 00:00:02 ; elapsed = 00:00:17 . Memory (MB): peak = 1213.188 ; gain = 0.000
INFO: [USF-XSim-69] 'compile' step finished in '17' seconds
INFO: [USF-XSim-3] XSim::Elaborate design
INFO: [USF-XSim-61] Executing 'ELABORATE' step in 'C:/Users/husain/Documents/GitHub/CIFAR10_CNN/week01/week01.sim/sim_1/behav/xsim'
"xelab -wto 52d4d64787024793bdd264d793c5af76 --incr --debug typical --relax --mt 2 -L xil_defaultlib -L unisims_ver -L unimacro_ver -L secureip --snapshot matrix_mult_TB_behav xil_defaultlib.matrix_mult_TB xil_defaultlib.glbl -log elaborate.log"
Vivado Simulator 2019.2
Copyright 1986-1999, 2001-2019 Xilinx, Inc. All Rights Reserved.
Running: C:/Xilinx/Vivado/2019.2/bin/unwrapped/win64.o/xelab.exe -wto 52d4d64787024793bdd264d793c5af76 --incr --debug typical --relax --mt 2 -L xil_defaultlib -L unisims_ver -L unimacro_ver -L secureip --snapshot matrix_mult_TB_behav xil_defaultlib.matrix_mult_TB xil_defaultlib.glbl -log elaborate.log 
Using 2 slave threads.
Starting static elaboration
Pass Through NonSizing Optimizer
Completed static elaboration
Starting simulation data flow analysis
Completed simulation data flow analysis
Time Resolution for simulation is 1ps
Compiling module xil_defaultlib.matrix_mult
Compiling module xil_defaultlib.matrix_mult_TB
Compiling module xil_defaultlib.glbl
Built simulation snapshot matrix_mult_TB_behav

****** Webtalk v2019.2 (64-bit)
  **** SW Build 2708876 on Wed Nov  6 21:40:23 MST 2019
  **** IP Build 2700528 on Thu Nov  7 00:09:20 MST 2019
    ** Copyright 1986-2019 Xilinx, Inc. All Rights Reserved.

source C:/Users/husain/Documents/GitHub/CIFAR10_CNN/week01/week01.sim/sim_1/behav/xsim/xsim.dir/matrix_mult_TB_behav/webtalk/xsim_webtalk.tcl -notrace
INFO: [Common 17-186] 'C:/Users/husain/Documents/GitHub/CIFAR10_CNN/week01/week01.sim/sim_1/behav/xsim/xsim.dir/matrix_mult_TB_behav/webtalk/usage_statistics_ext_xsim.xml' has been successfully sent to Xilinx on Thu Nov  3 10:03:05 2022. For additional details about this file, please refer to the WebTalk help file at C:/Xilinx/Vivado/2019.2/doc/webtalk_introduction.html.
webtalk_transmit: Time (s): cpu = 00:00:00 ; elapsed = 00:00:13 . Memory (MB): peak = 92.270 ; gain = 0.000
INFO: [Common 17-206] Exiting Webtalk at Thu Nov  3 10:03:05 2022...
run_program: Time (s): cpu = 00:00:03 ; elapsed = 00:00:41 . Memory (MB): peak = 1213.188 ; gain = 0.000
INFO: [USF-XSim-69] 'elaborate' step finished in '41' seconds
INFO: [USF-XSim-4] XSim::Simulate design
INFO: [USF-XSim-61] Executing 'SIMULATE' step in 'C:/Users/husain/Documents/GitHub/CIFAR10_CNN/week01/week01.sim/sim_1/behav/xsim'
INFO: [USF-XSim-98] *** Running xsim
   with args "matrix_mult_TB_behav -key {Behavioral:sim_1:Functional:matrix_mult_TB} -tclbatch {matrix_mult_TB.tcl} -view {C:/Users/husain/Documents/GitHub/CIFAR10_CNN/week01/matrix_mult_TB_behav.wcfg} -log {simulate.log}"
INFO: [USF-XSim-8] Loading simulator feature
Vivado Simulator 2019.2
Time resolution is 1 ps
open_wave_config C:/Users/husain/Documents/GitHub/CIFAR10_CNN/week01/matrix_mult_TB_behav.wcfg
source matrix_mult_TB.tcl
# set curr_wave [current_wave_config]
# if { [string length $curr_wave] == 0 } {
#   if { [llength [get_objects]] > 0} {
#     add_wave /
#     set_property needs_save false [current_wave_config]
#   } else {
#      send_msg_id Add_Wave-1 WARNING "No top level signals found. Simulator will start without a wave window. If you want to open a wave window go to 'File->New Waveform Configuration' or type 'create_wave_config' in the TCL console."
#   }
# }
# run 1000ns
$finish called at time : 385 ns : File "C:/Users/husain/Documents/GitHub/CIFAR10_CNN/week01/week01.srcs/sim_1/new/matrix_mult_TB.v" Line 67
xsim: Time (s): cpu = 00:00:22 ; elapsed = 00:00:17 . Memory (MB): peak = 1213.188 ; gain = 0.000
INFO: [USF-XSim-96] XSim completed. Design snapshot 'matrix_mult_TB_behav' loaded.
INFO: [USF-XSim-97] XSim simulation ran for 1000ns
launch_simulation: Time (s): cpu = 00:00:30 ; elapsed = 00:01:19 . Memory (MB): peak = 1213.188 ; gain = 0.000
