#-----------------------------------------------------------
# Vivado v2019.2 (64-bit)
# SW Build 2708876 on Wed Nov  6 21:40:23 MST 2019
# IP Build 2700528 on Thu Nov  7 00:09:20 MST 2019
# Start of session at: Tue Nov  1 16:46:01 2022
# Process ID: 11680
# Current directory: C:/Users/husain/Documents/GitHub/CIFAR10_CNN/week01
# Command line: vivado.exe -gui_launcher_event rodinguilauncherevent23120 C:\Users\husain\Documents\GitHub\CIFAR10_CNN\week01\week01.xpr
# Log file: C:/Users/husain/Documents/GitHub/CIFAR10_CNN/week01/vivado.log
# Journal file: C:/Users/husain/Documents/GitHub/CIFAR10_CNN/week01\vivado.jou
#-----------------------------------------------------------
start_gui
open_project C:/Users/husain/Documents/GitHub/CIFAR10_CNN/week01/week01.xpr
INFO: [Project 1-313] Project file moved from 'C:/Users/husain/week01' since last save.
Scanning sources...
Finished scanning sources
INFO: [filemgmt 56-1] Board Part Repository Path: Directory not found as 'C:/Users/husain/Documents/GitHub/CIFAR10_CNN/AppData/Roaming/Xilinx/Vivado/2019.2/xhub/board_store'; using path 'C:/Users/husain/AppData/Roaming/Xilinx/Vivado/2019.2/xhub/board_store' instead.
INFO: [IP_Flow 19-234] Refreshing IP repositories
INFO: [IP_Flow 19-1704] No user IP repositories specified
INFO: [IP_Flow 19-2313] Loaded Vivado IP repository 'C:/Xilinx/Vivado/2019.2/data/ip'.
open_project: Time (s): cpu = 00:00:30 ; elapsed = 00:00:22 . Memory (MB): peak = 1193.238 ; gain = 528.277
update_compile_order -fileset sources_1
launch_simulation
Command: launch_simulation 
INFO: [Vivado 12-5682] Launching behavioral simulation in 'C:/Users/husain/Documents/GitHub/CIFAR10_CNN/week01/week01.sim/sim_1/behav/xsim'
INFO: [SIM-utils-51] Simulation object is 'sim_1'
INFO: [SIM-utils-54] Inspecting design source files for 'matrix_mult_TB' in fileset 'sim_1'...
INFO: [USF-XSim-97] Finding global include files...
INFO: [USF-XSim-98] Fetching design files from 'sim_1'...
INFO: [USF-XSim-2] XSim::Compile design
INFO: [USF-XSim-61] Executing 'COMPILE and ANALYZE' step in 'C:/Users/husain/Documents/GitHub/CIFAR10_CNN/week01/week01.sim/sim_1/behav/xsim'
"xvlog --incr --relax -prj matrix_mult_TB_vlog.prj"
INFO: [VRFC 10-2263] Analyzing Verilog file "C:/Users/husain/Documents/GitHub/CIFAR10_CNN/week01/week01.srcs/sources_1/new/matrix_mult.v" into library xil_defaultlib
INFO: [VRFC 10-311] analyzing module matrix_mult
INFO: [VRFC 10-2263] Analyzing Verilog file "C:/Users/husain/Documents/GitHub/CIFAR10_CNN/week01/week01.srcs/sim_1/new/matrix_mult_TB.v" into library xil_defaultlib
INFO: [VRFC 10-311] analyzing module matrix_mult_TB
INFO: [VRFC 10-2263] Analyzing Verilog file "C:/Users/husain/Documents/GitHub/CIFAR10_CNN/week01/week01.sim/sim_1/behav/xsim/glbl.v" into library xil_defaultlib
INFO: [VRFC 10-311] analyzing module glbl
INFO: [USF-XSim-69] 'compile' step finished in '2' seconds
INFO: [USF-XSim-3] XSim::Elaborate design
INFO: [USF-XSim-61] Executing 'ELABORATE' step in 'C:/Users/husain/Documents/GitHub/CIFAR10_CNN/week01/week01.sim/sim_1/behav/xsim'
"xelab -wto 52d4d64787024793bdd264d793c5af76 --incr --debug typical --relax --mt 2 -L xil_defaultlib -L unisims_ver -L unimacro_ver -L secureip --snapshot matrix_mult_TB_behav xil_defaultlib.matrix_mult_TB xil_defaultlib.glbl -log elaborate.log"
Vivado Simulator 2019.2
Copyright 1986-1999, 2001-2019 Xilinx, Inc. All Rights Reserved.
Running: C:/Xilinx/Vivado/2019.2/bin/unwrapped/win64.o/xelab.exe -wto 52d4d64787024793bdd264d793c5af76 --incr --debug typical --relax --mt 2 -L xil_defaultlib -L unisims_ver -L unimacro_ver -L secureip --snapshot matrix_mult_TB_behav xil_defaultlib.matrix_mult_TB xil_defaultlib.glbl -log elaborate.log 
Using 2 slave threads.
Starting static elaboration
Pass Through NonSizing Optimizer
Completed static elaboration
Starting simulation data flow analysis
Completed simulation data flow analysis
Time Resolution for simulation is 1ps
Compiling module xil_defaultlib.matrix_mult
Compiling module xil_defaultlib.matrix_mult_TB
Compiling module xil_defaultlib.glbl
Built simulation snapshot matrix_mult_TB_behav
run_program: Time (s): cpu = 00:00:00 ; elapsed = 00:00:06 . Memory (MB): peak = 1229.008 ; gain = 0.000
INFO: [USF-XSim-69] 'elaborate' step finished in '5' seconds
INFO: [USF-XSim-4] XSim::Simulate design
INFO: [USF-XSim-61] Executing 'SIMULATE' step in 'C:/Users/husain/Documents/GitHub/CIFAR10_CNN/week01/week01.sim/sim_1/behav/xsim'
INFO: [USF-XSim-98] *** Running xsim
   with args "matrix_mult_TB_behav -key {Behavioral:sim_1:Functional:matrix_mult_TB} -tclbatch {matrix_mult_TB.tcl} -view {C:/Users/husain/Documents/GitHub/CIFAR10_CNN/week01/matrix_mult_TB_behav.wcfg} -log {simulate.log}"
INFO: [USF-XSim-8] Loading simulator feature
Vivado Simulator 2019.2
Time resolution is 1 ps
open_wave_config C:/Users/husain/Documents/GitHub/CIFAR10_CNN/week01/matrix_mult_TB_behav.wcfg
source matrix_mult_TB.tcl
# set curr_wave [current_wave_config]
# if { [string length $curr_wave] == 0 } {
#   if { [llength [get_objects]] > 0} {
#     add_wave /
#     set_property needs_save false [current_wave_config]
#   } else {
#      send_msg_id Add_Wave-1 WARNING "No top level signals found. Simulator will start without a wave window. If you want to open a wave window go to 'File->New Waveform Configuration' or type 'create_wave_config' in the TCL console."
#   }
# }
# run 1000ns
$finish called at time : 385 ns : File "C:/Users/husain/Documents/GitHub/CIFAR10_CNN/week01/week01.srcs/sim_1/new/matrix_mult_TB.v" Line 67
xsim: Time (s): cpu = 00:00:13 ; elapsed = 00:00:09 . Memory (MB): peak = 1246.109 ; gain = 17.102
INFO: [USF-XSim-96] XSim completed. Design snapshot 'matrix_mult_TB_behav' loaded.
INFO: [USF-XSim-97] XSim simulation ran for 1000ns
launch_simulation: Time (s): cpu = 00:00:16 ; elapsed = 00:00:17 . Memory (MB): peak = 1246.109 ; gain = 17.102
close_sim
INFO: [Simtcl 6-16] Simulation closed
close_sim: Time (s): cpu = 00:00:01 ; elapsed = 00:00:05 . Memory (MB): peak = 1259.879 ; gain = 0.000
launch_simulation
Command: launch_simulation 
INFO: [Vivado 12-5682] Launching behavioral simulation in 'C:/Users/husain/Documents/GitHub/CIFAR10_CNN/week01/week01.sim/sim_1/behav/xsim'
INFO: [SIM-utils-51] Simulation object is 'sim_1'
INFO: [SIM-utils-54] Inspecting design source files for 'matrix_mult_TB' in fileset 'sim_1'...
INFO: [USF-XSim-97] Finding global include files...
INFO: [USF-XSim-98] Fetching design files from 'sim_1'...
INFO: [USF-XSim-2] XSim::Compile design
INFO: [USF-XSim-61] Executing 'COMPILE and ANALYZE' step in 'C:/Users/husain/Documents/GitHub/CIFAR10_CNN/week01/week01.sim/sim_1/behav/xsim'
"xvlog --incr --relax -prj matrix_mult_TB_vlog.prj"
INFO: [VRFC 10-2263] Analyzing Verilog file "C:/Users/husain/Documents/GitHub/CIFAR10_CNN/week01/week01.srcs/sources_1/new/matrix_mult.v" into library xil_defaultlib
INFO: [VRFC 10-311] analyzing module matrix_mult
INFO: [VRFC 10-2263] Analyzing Verilog file "C:/Users/husain/Documents/GitHub/CIFAR10_CNN/week01/week01.srcs/sim_1/new/matrix_mult_TB.v" into library xil_defaultlib
INFO: [VRFC 10-311] analyzing module matrix_mult_TB
INFO: [USF-XSim-69] 'compile' step finished in '1' seconds
INFO: [USF-XSim-3] XSim::Elaborate design
INFO: [USF-XSim-61] Executing 'ELABORATE' step in 'C:/Users/husain/Documents/GitHub/CIFAR10_CNN/week01/week01.sim/sim_1/behav/xsim'
"xelab -wto 52d4d64787024793bdd264d793c5af76 --incr --debug typical --relax --mt 2 -L xil_defaultlib -L unisims_ver -L unimacro_ver -L secureip --snapshot matrix_mult_TB_behav xil_defaultlib.matrix_mult_TB xil_defaultlib.glbl -log elaborate.log"
Vivado Simulator 2019.2
Copyright 1986-1999, 2001-2019 Xilinx, Inc. All Rights Reserved.
Running: C:/Xilinx/Vivado/2019.2/bin/unwrapped/win64.o/xelab.exe -wto 52d4d64787024793bdd264d793c5af76 --incr --debug typical --relax --mt 2 -L xil_defaultlib -L unisims_ver -L unimacro_ver -L secureip --snapshot matrix_mult_TB_behav xil_defaultlib.matrix_mult_TB xil_defaultlib.glbl -log elaborate.log 
Using 2 slave threads.
Starting static elaboration
Pass Through NonSizing Optimizer
Completed static elaboration
Starting simulation data flow analysis
Completed simulation data flow analysis
Time Resolution for simulation is 1ps
Compiling module xil_defaultlib.matrix_mult
Compiling module xil_defaultlib.matrix_mult_TB
Compiling module xil_defaultlib.glbl
Built simulation snapshot matrix_mult_TB_behav
run_program: Time (s): cpu = 00:00:00 ; elapsed = 00:00:05 . Memory (MB): peak = 1259.879 ; gain = 0.000
INFO: [USF-XSim-69] 'elaborate' step finished in '6' seconds
INFO: [USF-XSim-4] XSim::Simulate design
INFO: [USF-XSim-61] Executing 'SIMULATE' step in 'C:/Users/husain/Documents/GitHub/CIFAR10_CNN/week01/week01.sim/sim_1/behav/xsim'
INFO: [USF-XSim-98] *** Running xsim
   with args "matrix_mult_TB_behav -key {Behavioral:sim_1:Functional:matrix_mult_TB} -tclbatch {matrix_mult_TB.tcl} -view {C:/Users/husain/Documents/GitHub/CIFAR10_CNN/week01/matrix_mult_TB_behav.wcfg} -log {simulate.log}"
INFO: [USF-XSim-8] Loading simulator feature
Vivado Simulator 2019.2
Time resolution is 1 ps
open_wave_config C:/Users/husain/Documents/GitHub/CIFAR10_CNN/week01/matrix_mult_TB_behav.wcfg
source matrix_mult_TB.tcl
# set curr_wave [current_wave_config]
# if { [string length $curr_wave] == 0 } {
#   if { [llength [get_objects]] > 0} {
#     add_wave /
#     set_property needs_save false [current_wave_config]
#   } else {
#      send_msg_id Add_Wave-1 WARNING "No top level signals found. Simulator will start without a wave window. If you want to open a wave window go to 'File->New Waveform Configuration' or type 'create_wave_config' in the TCL console."
#   }
# }
# run 1000ns
$finish called at time : 385 ns : File "C:/Users/husain/Documents/GitHub/CIFAR10_CNN/week01/week01.srcs/sim_1/new/matrix_mult_TB.v" Line 67
xsim: Time (s): cpu = 00:00:08 ; elapsed = 00:00:07 . Memory (MB): peak = 1271.047 ; gain = 11.168
INFO: [USF-XSim-96] XSim completed. Design snapshot 'matrix_mult_TB_behav' loaded.
INFO: [USF-XSim-97] XSim simulation ran for 1000ns
launch_simulation: Time (s): cpu = 00:00:09 ; elapsed = 00:00:14 . Memory (MB): peak = 1271.047 ; gain = 11.168
close_sim
INFO: [Simtcl 6-16] Simulation closed
close_sim: Time (s): cpu = 00:00:01 ; elapsed = 00:00:05 . Memory (MB): peak = 1271.047 ; gain = 0.000
launch_simulation
Command: launch_simulation 
INFO: [Vivado 12-5682] Launching behavioral simulation in 'C:/Users/husain/Documents/GitHub/CIFAR10_CNN/week01/week01.sim/sim_1/behav/xsim'
INFO: [SIM-utils-51] Simulation object is 'sim_1'
INFO: [SIM-utils-54] Inspecting design source files for 'matrix_mult_TB' in fileset 'sim_1'...
INFO: [USF-XSim-97] Finding global include files...
INFO: [USF-XSim-98] Fetching design files from 'sim_1'...
INFO: [USF-XSim-2] XSim::Compile design
INFO: [USF-XSim-61] Executing 'COMPILE and ANALYZE' step in 'C:/Users/husain/Documents/GitHub/CIFAR10_CNN/week01/week01.sim/sim_1/behav/xsim'
"xvlog --incr --relax -prj matrix_mult_TB_vlog.prj"
INFO: [VRFC 10-2263] Analyzing Verilog file "C:/Users/husain/Documents/GitHub/CIFAR10_CNN/week01/week01.srcs/sources_1/new/matrix_mult.v" into library xil_defaultlib
INFO: [VRFC 10-311] analyzing module matrix_mult
INFO: [VRFC 10-2263] Analyzing Verilog file "C:/Users/husain/Documents/GitHub/CIFAR10_CNN/week01/week01.srcs/sim_1/new/matrix_mult_TB.v" into library xil_defaultlib
INFO: [VRFC 10-311] analyzing module matrix_mult_TB
INFO: [USF-XSim-69] 'compile' step finished in '2' seconds
INFO: [USF-XSim-3] XSim::Elaborate design
INFO: [USF-XSim-61] Executing 'ELABORATE' step in 'C:/Users/husain/Documents/GitHub/CIFAR10_CNN/week01/week01.sim/sim_1/behav/xsim'
"xelab -wto 52d4d64787024793bdd264d793c5af76 --incr --debug typical --relax --mt 2 -L xil_defaultlib -L unisims_ver -L unimacro_ver -L secureip --snapshot matrix_mult_TB_behav xil_defaultlib.matrix_mult_TB xil_defaultlib.glbl -log elaborate.log"
Vivado Simulator 2019.2
Copyright 1986-1999, 2001-2019 Xilinx, Inc. All Rights Reserved.
Running: C:/Xilinx/Vivado/2019.2/bin/unwrapped/win64.o/xelab.exe -wto 52d4d64787024793bdd264d793c5af76 --incr --debug typical --relax --mt 2 -L xil_defaultlib -L unisims_ver -L unimacro_ver -L secureip --snapshot matrix_mult_TB_behav xil_defaultlib.matrix_mult_TB xil_defaultlib.glbl -log elaborate.log 
Using 2 slave threads.
Starting static elaboration
Pass Through NonSizing Optimizer
Completed static elaboration
Starting simulation data flow analysis
Completed simulation data flow analysis
Time Resolution for simulation is 1ps
Compiling module xil_defaultlib.matrix_mult
Compiling module xil_defaultlib.matrix_mult_TB
Compiling module xil_defaultlib.glbl
Built simulation snapshot matrix_mult_TB_behav
run_program: Time (s): cpu = 00:00:01 ; elapsed = 00:00:06 . Memory (MB): peak = 1271.047 ; gain = 0.000
INFO: [USF-XSim-69] 'elaborate' step finished in '5' seconds
INFO: [USF-XSim-4] XSim::Simulate design
INFO: [USF-XSim-61] Executing 'SIMULATE' step in 'C:/Users/husain/Documents/GitHub/CIFAR10_CNN/week01/week01.sim/sim_1/behav/xsim'
INFO: [USF-XSim-98] *** Running xsim
   with args "matrix_mult_TB_behav -key {Behavioral:sim_1:Functional:matrix_mult_TB} -tclbatch {matrix_mult_TB.tcl} -view {C:/Users/husain/Documents/GitHub/CIFAR10_CNN/week01/matrix_mult_TB_behav.wcfg} -log {simulate.log}"
INFO: [USF-XSim-8] Loading simulator feature
Vivado Simulator 2019.2
Time resolution is 1 ps
open_wave_config C:/Users/husain/Documents/GitHub/CIFAR10_CNN/week01/matrix_mult_TB_behav.wcfg
source matrix_mult_TB.tcl
# set curr_wave [current_wave_config]
# if { [string length $curr_wave] == 0 } {
#   if { [llength [get_objects]] > 0} {
#     add_wave /
#     set_property needs_save false [current_wave_config]
#   } else {
#      send_msg_id Add_Wave-1 WARNING "No top level signals found. Simulator will start without a wave window. If you want to open a wave window go to 'File->New Waveform Configuration' or type 'create_wave_config' in the TCL console."
#   }
# }
# run 1000ns
$finish called at time : 385 ns : File "C:/Users/husain/Documents/GitHub/CIFAR10_CNN/week01/week01.srcs/sim_1/new/matrix_mult_TB.v" Line 67
xsim: Time (s): cpu = 00:00:07 ; elapsed = 00:00:07 . Memory (MB): peak = 1271.047 ; gain = 0.000
INFO: [USF-XSim-96] XSim completed. Design snapshot 'matrix_mult_TB_behav' loaded.
INFO: [USF-XSim-97] XSim simulation ran for 1000ns
launch_simulation: Time (s): cpu = 00:00:08 ; elapsed = 00:00:14 . Memory (MB): peak = 1271.047 ; gain = 0.000
close_sim
INFO: [Simtcl 6-16] Simulation closed
close_sim: Time (s): cpu = 00:00:00 ; elapsed = 00:00:05 . Memory (MB): peak = 1271.047 ; gain = 0.000
launch_simulation
Command: launch_simulation 
INFO: [Vivado 12-5682] Launching behavioral simulation in 'C:/Users/husain/Documents/GitHub/CIFAR10_CNN/week01/week01.sim/sim_1/behav/xsim'
INFO: [SIM-utils-51] Simulation object is 'sim_1'
INFO: [SIM-utils-54] Inspecting design source files for 'matrix_mult_TB' in fileset 'sim_1'...
INFO: [USF-XSim-97] Finding global include files...
INFO: [USF-XSim-98] Fetching design files from 'sim_1'...
INFO: [USF-XSim-2] XSim::Compile design
INFO: [USF-XSim-61] Executing 'COMPILE and ANALYZE' step in 'C:/Users/husain/Documents/GitHub/CIFAR10_CNN/week01/week01.sim/sim_1/behav/xsim'
"xvlog --incr --relax -prj matrix_mult_TB_vlog.prj"
INFO: [VRFC 10-2263] Analyzing Verilog file "C:/Users/husain/Documents/GitHub/CIFAR10_CNN/week01/week01.srcs/sources_1/new/matrix_mult.v" into library xil_defaultlib
INFO: [VRFC 10-311] analyzing module matrix_mult
INFO: [VRFC 10-2263] Analyzing Verilog file "C:/Users/husain/Documents/GitHub/CIFAR10_CNN/week01/week01.srcs/sim_1/new/matrix_mult_TB.v" into library xil_defaultlib
INFO: [VRFC 10-311] analyzing module matrix_mult_TB
INFO: [USF-XSim-69] 'compile' step finished in '3' seconds
INFO: [USF-XSim-3] XSim::Elaborate design
INFO: [USF-XSim-61] Executing 'ELABORATE' step in 'C:/Users/husain/Documents/GitHub/CIFAR10_CNN/week01/week01.sim/sim_1/behav/xsim'
"xelab -wto 52d4d64787024793bdd264d793c5af76 --incr --debug typical --relax --mt 2 -L xil_defaultlib -L unisims_ver -L unimacro_ver -L secureip --snapshot matrix_mult_TB_behav xil_defaultlib.matrix_mult_TB xil_defaultlib.glbl -log elaborate.log"
Vivado Simulator 2019.2
Copyright 1986-1999, 2001-2019 Xilinx, Inc. All Rights Reserved.
Running: C:/Xilinx/Vivado/2019.2/bin/unwrapped/win64.o/xelab.exe -wto 52d4d64787024793bdd264d793c5af76 --incr --debug typical --relax --mt 2 -L xil_defaultlib -L unisims_ver -L unimacro_ver -L secureip --snapshot matrix_mult_TB_behav xil_defaultlib.matrix_mult_TB xil_defaultlib.glbl -log elaborate.log 
Using 2 slave threads.
Starting static elaboration
Pass Through NonSizing Optimizer
Completed static elaboration
Starting simulation data flow analysis
Completed simulation data flow analysis
Time Resolution for simulation is 1ps
Compiling module xil_defaultlib.matrix_mult
Compiling module xil_defaultlib.matrix_mult_TB
Compiling module xil_defaultlib.glbl
Built simulation snapshot matrix_mult_TB_behav
run_program: Time (s): cpu = 00:00:00 ; elapsed = 00:00:07 . Memory (MB): peak = 1271.047 ; gain = 0.000
INFO: [USF-XSim-69] 'elaborate' step finished in '7' seconds
INFO: [USF-XSim-4] XSim::Simulate design
INFO: [USF-XSim-61] Executing 'SIMULATE' step in 'C:/Users/husain/Documents/GitHub/CIFAR10_CNN/week01/week01.sim/sim_1/behav/xsim'
INFO: [USF-XSim-98] *** Running xsim
   with args "matrix_mult_TB_behav -key {Behavioral:sim_1:Functional:matrix_mult_TB} -tclbatch {matrix_mult_TB.tcl} -view {C:/Users/husain/Documents/GitHub/CIFAR10_CNN/week01/matrix_mult_TB_behav.wcfg} -log {simulate.log}"
INFO: [USF-XSim-8] Loading simulator feature
Vivado Simulator 2019.2
Time resolution is 1 ps
open_wave_config C:/Users/husain/Documents/GitHub/CIFAR10_CNN/week01/matrix_mult_TB_behav.wcfg
source matrix_mult_TB.tcl
# set curr_wave [current_wave_config]
# if { [string length $curr_wave] == 0 } {
#   if { [llength [get_objects]] > 0} {
#     add_wave /
#     set_property needs_save false [current_wave_config]
#   } else {
#      send_msg_id Add_Wave-1 WARNING "No top level signals found. Simulator will start without a wave window. If you want to open a wave window go to 'File->New Waveform Configuration' or type 'create_wave_config' in the TCL console."
#   }
# }
# run 1000ns
$finish called at time : 385 ns : File "C:/Users/husain/Documents/GitHub/CIFAR10_CNN/week01/week01.srcs/sim_1/new/matrix_mult_TB.v" Line 67
xsim: Time (s): cpu = 00:00:07 ; elapsed = 00:00:15 . Memory (MB): peak = 1271.047 ; gain = 0.000
INFO: [USF-XSim-96] XSim completed. Design snapshot 'matrix_mult_TB_behav' loaded.
INFO: [USF-XSim-97] XSim simulation ran for 1000ns
launch_simulation: Time (s): cpu = 00:00:08 ; elapsed = 00:00:25 . Memory (MB): peak = 1271.047 ; gain = 0.000
close_sim
INFO: [Simtcl 6-16] Simulation closed
close_sim: Time (s): cpu = 00:00:02 ; elapsed = 00:00:07 . Memory (MB): peak = 1271.047 ; gain = 0.000
exit
INFO: [Common 17-206] Exiting Vivado at Tue Nov  1 17:47:08 2022...
