#-----------------------------------------------------------
# Vivado v2019.2 (64-bit)
# SW Build 2708876 on Wed Nov  6 21:40:23 MST 2019
# IP Build 2700528 on Thu Nov  7 00:09:20 MST 2019
# Start of session at: Sat Nov 12 18:15:37 2022
# Process ID: 23288
# Current directory: C:/Users/husain/Documents/GitHub/CIFAR10_CNN
# Command line: vivado.exe -gui_launcher_event rodinguilauncherevent8168 C:\Users\husain\Documents\GitHub\CIFAR10_CNN\CNN.xpr
# Log file: C:/Users/husain/Documents/GitHub/CIFAR10_CNN/vivado.log
# Journal file: C:/Users/husain/Documents/GitHub/CIFAR10_CNN\vivado.jou
#-----------------------------------------------------------
start_gui
open_project C:/Users/husain/Documents/GitHub/CIFAR10_CNN/CNN.xpr
INFO: [Project 1-313] Project file moved from 'C:/Users/student/CNN' since last save.
CRITICAL WARNING: [Project 1-311] Could not find the file 'C:/Users/husain/Documents/GitHub/CIFAR10_CNN/CNN.srcs/sources_1/new/cnn.v', nor could it be found using path 'C:/Users/student/CNN/CNN.srcs/sources_1/new/cnn.v'.
Scanning sources...
Finished scanning sources
WARNING: [filemgmt 56-2] Board Part Repository Path: Could not find the directory 'C:/Users/husain/Documents/GitHub/AppData/Roaming/Xilinx/Vivado/2019.2/xhub/board_store', nor could it be found using path 'C:/Users/student/AppData/Roaming/Xilinx/Vivado/2019.2/xhub/board_store'.
WARNING: [filemgmt 56-2] IPUserFilesDir: Could not find the directory 'C:/Users/husain/Documents/GitHub/CIFAR10_CNN/CNN.ip_user_files', nor could it be found using path 'C:/Users/student/CNN/CNN.ip_user_files'.
INFO: [IP_Flow 19-234] Refreshing IP repositories
INFO: [IP_Flow 19-1704] No user IP repositories specified
INFO: [IP_Flow 19-2313] Loaded Vivado IP repository 'C:/Xilinx/Vivado/2019.2/data/ip'.
open_project: Time (s): cpu = 00:00:44 ; elapsed = 00:00:30 . Memory (MB): peak = 1028.500 ; gain = 355.824
update_compile_order -fileset sources_1
exit
INFO: [Common 17-206] Exiting Vivado at Sat Nov 12 18:20:07 2022...
